<?xml version="1.0" encoding="UTF-8"?>
<!-- Generated by org.testng.reporters.JUnitXMLReporter -->
<testsuite ignored="7" hostname="DM-DT16" failures="0" tests="1" name="Default test" time="87.274" errors="0" timestamp="2023-03-21T12:43:13 IST">
  <testcase classname="dms.Test.DepartmentsTest" name="documentShare" time="77.982"/>
  <testcase classname="dms.Test.DepartmentsTest" name="verifyDocumentsPermission" time="0.0">
    <ignored/>
  </testcase> <!-- verifyDocumentsPermission -->
  <testcase classname="dms.Test.DepartmentsTest" name="addDepartment" time="0.0">
    <ignored/>
  </testcase> <!-- addDepartment -->
  <testcase classname="dms.Test.DepartmentsTest" name="addDocument" time="0.0">
    <ignored/>
  </testcase> <!-- addDocument -->
  <testcase classname="dms.Test.DepartmentsTest" name="verifyFolderPermission" time="0.0">
    <ignored/>
  </testcase> <!-- verifyFolderPermission -->
  <testcase classname="dms.Test.DepartmentsTest" name="verifyDocumentShare" time="0.0">
    <ignored/>
  </testcase> <!-- verifyDocumentShare -->
  <testcase classname="dms.Test.DepartmentsTest" name="folderShare" time="0.0">
    <ignored/>
  </testcase> <!-- folderShare -->
  <testcase classname="dms.Test.DepartmentsTest" name="verifyFolderShare" time="0.0">
    <ignored/>
  </testcase> <!-- verifyFolderShare -->
</testsuite> <!-- Default test -->
