<?xml version="1.0" encoding="UTF-8"?>
<!-- Generated by org.testng.reporters.JUnitXMLReporter -->
<testsuite ignored="7" hostname="DM-DT16" failures="0" tests="1" name="Default test" time="112.945" errors="0" timestamp="2023-03-24T15:52:38 IST">
  <testcase classname="dms.Test.ProjectsTest" name="addProjects" time="106.691"/>
  <testcase classname="dms.Test.ProjectsTest" name="verifyFolderPermission" time="0.0">
    <ignored/>
  </testcase> <!-- verifyFolderPermission -->
  <testcase classname="dms.Test.ProjectsTest" name="verifyFolderShare" time="0.0">
    <ignored/>
  </testcase> <!-- verifyFolderShare -->
  <testcase classname="dms.Test.ProjectsTest" name="documentShare" time="0.0">
    <ignored/>
  </testcase> <!-- documentShare -->
  <testcase classname="dms.Test.ProjectsTest" name="verifyDocumentShare" time="0.0">
    <ignored/>
  </testcase> <!-- verifyDocumentShare -->
  <testcase classname="dms.Test.ProjectsTest" name="addDocumentPermission" time="0.0">
    <ignored/>
  </testcase> <!-- addDocumentPermission -->
  <testcase classname="dms.Test.ProjectsTest" name="folderShare" time="0.0">
    <ignored/>
  </testcase> <!-- folderShare -->
  <testcase classname="dms.Test.ProjectsTest" name="verifyDocumentPermission" time="0.0">
    <ignored/>
  </testcase> <!-- verifyDocumentPermission -->
</testsuite> <!-- Default test -->
