<?xml version="1.0" encoding="UTF-8"?>
<testng-results ignored="7" total="8" passed="1" failed="0" skipped="0">
  <reporter-output>
  </reporter-output>
  <suite started-at="2023-03-24T15:50:45 IST" name="Default suite" finished-at="2023-03-24T15:52:37 IST" duration-ms="112945">
    <groups>
    </groups>
    <test started-at="2023-03-24T15:50:45 IST" name="Default test" finished-at="2023-03-24T15:52:37 IST" duration-ms="112945">
      <class name="dms.Test.ProjectsTest">
        <test-method is-config="true" signature="LoginPage()[pri:0, instance:dms.Test.ProjectsTest@68be8808]" started-at="2023-03-24T15:50:45 IST" name="LoginPage" finished-at="2023-03-24T15:50:51 IST" duration-ms="5220" status="PASS">
          <reporter-output>
          </reporter-output>
        </test-method> <!-- LoginPage -->
        <test-method signature="addProjects(java.lang.String,java.lang.String,java.lang.String,java.lang.String,java.lang.String,java.lang.String,java.lang.String,java.lang.String,java.lang.String,java.lang.String,java.lang.String,java.lang.String,java.lang.String,java.lang.String,java.lang.String,java.lang.String,java.lang.String)[pri:1, instance:dms.Test.ProjectsTest@68be8808]" started-at="2023-03-24T15:50:51 IST" name="addProjects" data-provider="data" finished-at="2023-03-24T15:52:37 IST" duration-ms="106691" status="PASS">
          <params>
            <param index="0">
              <value>
                <![CDATA[karthikm@datamatica.uk]]>
              </value>
            </param>
            <param index="1">
              <value>
                <![CDATA[Dm@12345]]>
              </value>
            </param>
            <param index="2">
              <value>
                <![CDATA[testuser1@yopmail.com]]>
              </value>
            </param>
            <param index="3">
              <value>
                <![CDATA[Ksfe@123]]>
              </value>
            </param>
            <param index="4">
              <value>
                <![CDATA[proj111]]>
              </value>
            </param>
            <param index="5">
              <value>
                <![CDATA[Dev]]>
              </value>
            </param>
            <param index="6">
              <value>
                <![CDATA[QA]]>
              </value>
            </param>
            <param index="7">
              <value>
                <![CDATA[testuser1]]>
              </value>
            </param>
            <param index="8">
              <value>
                <![CDATA[FolderPerm]]>
              </value>
            </param>
            <param index="9">
              <value>
                <![CDATA[Test]]>
              </value>
            </param>
            <param index="10">
              <value>
                <![CDATA[testuser1]]>
              </value>
            </param>
            <param index="11">
              <value>
                <![CDATA[FolderShare]]>
              </value>
            </param>
            <param index="12">
              <value>
                <![CDATA[doc test]]>
              </value>
            </param>
            <param index="13">
              <value>
                <![CDATA[KarthikM]]>
              </value>
            </param>
            <param index="14">
              <value>
                <![CDATA[v2]]>
              </value>
            </param>
            <param index="15">
              <value>
                <![CDATA[C:\Users\DM Administrator\Documents\sample.pdf]]>
              </value>
            </param>
            <param index="16">
              <value>
                <![CDATA[sample.pdf]]>
              </value>
            </param>
          </params>
          <reporter-output>
          </reporter-output>
        </test-method> <!-- addProjects -->
        <test-method is-config="true" signature="tearDown()[pri:0, instance:dms.Test.ProjectsTest@68be8808]" started-at="2023-03-24T15:52:37 IST" name="tearDown" finished-at="2023-03-24T15:52:37 IST" duration-ms="221" status="PASS">
          <reporter-output>
          </reporter-output>
        </test-method> <!-- tearDown -->
      </class> <!-- dms.Test.ProjectsTest -->
    </test> <!-- Default test -->
  </suite> <!-- Default suite -->
</testng-results>
